{"C:\\Projects\\Js\\scripts\\Lowenstein.js": {"path":"C:\\Projects\\Js\\scripts\\Lowenstein.js","statementMap":{"0":{"start":{"line":3,"column":13},"end":{"line":3,"column":27}},"1":{"start":{"line":4,"column":13},"end":{"line":4,"column":27}},"2":{"start":{"line":6,"column":12},"end":{"line":6,"column":21}},"3":{"start":{"line":6,"column":27},"end":{"line":6,"column":36}},"4":{"start":{"line":8,"column":4},"end":{"line":8,"column":28}},"5":{"start":{"line":8,"column":19},"end":{"line":8,"column":28}},"6":{"start":{"line":9,"column":4},"end":{"line":9,"column":47}},"7":{"start":{"line":9,"column":26},"end":{"line":9,"column":47}},"8":{"start":{"line":11,"column":8},"end":{"line":11,"column":62}},"9":{"start":{"line":13,"column":8},"end":{"line":13,"column":48}},"10":{"start":{"line":15,"column":8},"end":{"line":21,"column":9}},"11":{"start":{"line":17,"column":12},"end":{"line":20,"column":13}},"12":{"start":{"line":19,"column":16},"end":{"line":19,"column":139}},"13":{"start":{"line":23,"column":8},"end":{"line":23,"column":28}}},"fnMap":{"0":{"name":"low","decl":{"start":{"line":1,"column":24},"end":{"line":1,"column":27}},"loc":{"start":{"line":1,"column":40},"end":{"line":24,"column":5}},"line":1}},"branchMap":{"0":{"loc":{"start":{"line":8,"column":4},"end":{"line":8,"column":28}},"type":"if","locations":[{"start":{"line":8,"column":4},"end":{"line":8,"column":28}},{"start":{"line":8,"column":4},"end":{"line":8,"column":28}}],"line":8},"1":{"loc":{"start":{"line":9,"column":4},"end":{"line":9,"column":47}},"type":"if","locations":[{"start":{"line":9,"column":4},"end":{"line":9,"column":47}},{"start":{"line":9,"column":4},"end":{"line":9,"column":47}}],"line":9},"2":{"loc":{"start":{"line":9,"column":8},"end":{"line":9,"column":24}},"type":"binary-expr","locations":[{"start":{"line":9,"column":8},"end":{"line":9,"column":14}},{"start":{"line":9,"column":18},"end":{"line":9,"column":24}}],"line":9}},"s":{"0":6,"1":6,"2":6,"3":6,"4":6,"5":0,"6":6,"7":2,"8":4,"9":4,"10":4,"11":29,"12":220,"13":4},"f":{"0":6},"b":{"0":[0,6],"1":[2,4],"2":[6,5]},"_coverageSchema":"332fd63041d2c1bcb487cc26dd0d5f7d97098a6c","hash":"ccc418c8e0e30aeb008e346c1ca79bcca66103ac"}
,"C:\\Projects\\Js\\scripts\\Romastein.js": {"path":"C:\\Projects\\Js\\scripts\\Romastein.js","statementMap":{"0":{"start":{"line":3,"column":15},"end":{"line":3,"column":16}},"1":{"start":{"line":4,"column":11},"end":{"line":4,"column":13}},"2":{"start":{"line":5,"column":11},"end":{"line":5,"column":12}},"3":{"start":{"line":6,"column":11},"end":{"line":6,"column":12}},"4":{"start":{"line":7,"column":11},"end":{"line":7,"column":12}},"5":{"start":{"line":8,"column":16},"end":{"line":8,"column":18}},"6":{"start":{"line":10,"column":3},"end":{"line":10,"column":20}},"7":{"start":{"line":11,"column":3},"end":{"line":11,"column":21}},"8":{"start":{"line":13,"column":0},"end":{"line":24,"column":1}},"9":{"start":{"line":14,"column":2},"end":{"line":22,"column":1}},"10":{"start":{"line":15,"column":2},"end":{"line":20,"column":3}},"11":{"start":{"line":16,"column":4},"end":{"line":18,"column":5}},"12":{"start":{"line":17,"column":6},"end":{"line":17,"column":16}},"13":{"start":{"line":19,"column":4},"end":{"line":19,"column":14}},"14":{"start":{"line":21,"column":2},"end":{"line":21,"column":12}},"15":{"start":{"line":23,"column":0},"end":{"line":23,"column":10}},"16":{"start":{"line":26,"column":0},"end":{"line":26,"column":17}},"17":{"start":{"line":27,"column":0},"end":{"line":27,"column":18}},"18":{"start":{"line":28,"column":0},"end":{"line":28,"column":19}},"19":{"start":{"line":29,"column":0},"end":{"line":29,"column":13}}},"fnMap":{"0":{"name":"low","decl":{"start":{"line":1,"column":24},"end":{"line":1,"column":27}},"loc":{"start":{"line":1,"column":37},"end":{"line":31,"column":1}},"line":1}},"branchMap":{"0":{"loc":{"start":{"line":14,"column":2},"end":{"line":22,"column":1}},"type":"if","locations":[{"start":{"line":14,"column":2},"end":{"line":22,"column":1}},{"start":{"line":14,"column":2},"end":{"line":22,"column":1}}],"line":14},"1":{"loc":{"start":{"line":15,"column":2},"end":{"line":20,"column":3}},"type":"if","locations":[{"start":{"line":15,"column":2},"end":{"line":20,"column":3}},{"start":{"line":15,"column":2},"end":{"line":20,"column":3}}],"line":15},"2":{"loc":{"start":{"line":15,"column":6},"end":{"line":15,"column":73}},"type":"binary-expr","locations":[{"start":{"line":15,"column":6},"end":{"line":15,"column":44}},{"start":{"line":15,"column":48},"end":{"line":15,"column":73}}],"line":15},"3":{"loc":{"start":{"line":16,"column":4},"end":{"line":18,"column":5}},"type":"if","locations":[{"start":{"line":16,"column":4},"end":{"line":18,"column":5}},{"start":{"line":16,"column":4},"end":{"line":18,"column":5}}],"line":16}},"s":{"0":2,"1":2,"2":2,"3":2,"4":2,"5":2,"6":2,"7":2,"8":2,"9":17,"10":5,"11":1,"12":1,"13":1,"14":5,"15":17,"16":2,"17":2,"18":2,"19":2},"f":{"0":2},"b":{"0":[5,12],"1":[1,4],"2":[5,1],"3":[1,0]},"_coverageSchema":"332fd63041d2c1bcb487cc26dd0d5f7d97098a6c","hash":"0ecc3ade1d61eaa109008ab30640771862a1bb21"}
,"C:\\Projects\\Js\\scripts\\check_ISBN-10.js": {"path":"C:\\Projects\\Js\\scripts\\check_ISBN-10.js","statementMap":{"0":{"start":{"line":3,"column":13},"end":{"line":3,"column":14}},"1":{"start":{"line":4,"column":13},"end":{"line":4,"column":15}},"2":{"start":{"line":5,"column":14},"end":{"line":5,"column":17}},"3":{"start":{"line":6,"column":11},"end":{"line":6,"column":12}},"4":{"start":{"line":6,"column":18},"end":{"line":6,"column":19}},"5":{"start":{"line":8,"column":3},"end":{"line":16,"column":4}},"6":{"start":{"line":9,"column":4},"end":{"line":14,"column":5}},"7":{"start":{"line":11,"column":5},"end":{"line":12,"column":28}},"8":{"start":{"line":12,"column":9},"end":{"line":12,"column":28}},"9":{"start":{"line":13,"column":9},"end":{"line":13,"column":13}},"10":{"start":{"line":15,"column":4},"end":{"line":15,"column":21}},"11":{"start":{"line":17,"column":4},"end":{"line":20,"column":5}},"12":{"start":{"line":19,"column":8},"end":{"line":19,"column":26}},"13":{"start":{"line":21,"column":4},"end":{"line":21,"column":21}},"14":{"start":{"line":22,"column":4},"end":{"line":23,"column":22}},"15":{"start":{"line":22,"column":58},"end":{"line":22,"column":70}},"16":{"start":{"line":23,"column":9},"end":{"line":23,"column":22}}},"fnMap":{"0":{"name":"ISBN_10","decl":{"start":{"line":1,"column":24},"end":{"line":1,"column":31}},"loc":{"start":{"line":2,"column":0},"end":{"line":24,"column":1}},"line":2}},"branchMap":{"0":{"loc":{"start":{"line":8,"column":3},"end":{"line":16,"column":4}},"type":"if","locations":[{"start":{"line":8,"column":3},"end":{"line":16,"column":4}},{"start":{"line":8,"column":3},"end":{"line":16,"column":4}}],"line":8},"1":{"loc":{"start":{"line":11,"column":5},"end":{"line":12,"column":28}},"type":"if","locations":[{"start":{"line":11,"column":5},"end":{"line":12,"column":28}},{"start":{"line":11,"column":5},"end":{"line":12,"column":28}}],"line":11},"2":{"loc":{"start":{"line":22,"column":4},"end":{"line":23,"column":22}},"type":"if","locations":[{"start":{"line":22,"column":4},"end":{"line":23,"column":22}},{"start":{"line":22,"column":4},"end":{"line":23,"column":22}}],"line":22}},"s":{"0":4,"1":4,"2":4,"3":4,"4":4,"5":4,"6":4,"7":53,"8":40,"9":53,"10":4,"11":4,"12":36,"13":4,"14":4,"15":3,"16":1},"f":{"0":4},"b":{"0":[4,0],"1":[40,13],"2":[3,1]},"_coverageSchema":"332fd63041d2c1bcb487cc26dd0d5f7d97098a6c","hash":"ca7e1f2f3b2c8937d51cf323402e008bf3b7949c"}
,"C:\\Projects\\Js\\scripts\\choose.js": {"path":"C:\\Projects\\Js\\scripts\\choose.js","statementMap":{"0":{"start":{"line":3,"column":14},"end":{"line":3,"column":16}},"1":{"start":{"line":4,"column":12},"end":{"line":4,"column":13}},"2":{"start":{"line":4,"column":19},"end":{"line":4,"column":20}},"3":{"start":{"line":6,"column":15},"end":{"line":6,"column":18}},"4":{"start":{"line":8,"column":0},"end":{"line":13,"column":1}},"5":{"start":{"line":10,"column":1},"end":{"line":11,"column":24}},"6":{"start":{"line":11,"column":5},"end":{"line":11,"column":24}},"7":{"start":{"line":12,"column":5},"end":{"line":12,"column":9}},"8":{"start":{"line":15,"column":0},"end":{"line":15,"column":17}},"9":{"start":{"line":16,"column":2},"end":{"line":23,"column":3}},"10":{"start":{"line":18,"column":6},"end":{"line":18,"column":26}},"11":{"start":{"line":20,"column":6},"end":{"line":20,"column":26}},"12":{"start":{"line":22,"column":6},"end":{"line":22,"column":19}},"13":{"start":{"line":28,"column":14},"end":{"line":28,"column":15}},"14":{"start":{"line":29,"column":4},"end":{"line":36,"column":5}},"15":{"start":{"line":31,"column":8},"end":{"line":35,"column":37}},"16":{"start":{"line":33,"column":12},"end":{"line":33,"column":40}},"17":{"start":{"line":35,"column":13},"end":{"line":35,"column":37}},"18":{"start":{"line":37,"column":4},"end":{"line":37,"column":44}},"19":{"start":{"line":40,"column":4},"end":{"line":41,"column":22}},"20":{"start":{"line":40,"column":91},"end":{"line":40,"column":103}},"21":{"start":{"line":41,"column":9},"end":{"line":41,"column":22}},"22":{"start":{"line":46,"column":14},"end":{"line":46,"column":15}},"23":{"start":{"line":47,"column":4},"end":{"line":51,"column":5}},"24":{"start":{"line":49,"column":8},"end":{"line":49,"column":26}},"25":{"start":{"line":52,"column":4},"end":{"line":52,"column":44}},"26":{"start":{"line":53,"column":4},"end":{"line":54,"column":22}},"27":{"start":{"line":53,"column":58},"end":{"line":53,"column":70}},"28":{"start":{"line":54,"column":9},"end":{"line":54,"column":22}}},"fnMap":{"0":{"name":"choise","decl":{"start":{"line":1,"column":24},"end":{"line":1,"column":30}},"loc":{"start":{"line":2,"column":0},"end":{"line":25,"column":1}},"line":2},"1":{"name":"ISBN_13","decl":{"start":{"line":26,"column":9},"end":{"line":26,"column":16}},"loc":{"start":{"line":27,"column":0},"end":{"line":42,"column":1}},"line":27},"2":{"name":"ISBN_10","decl":{"start":{"line":44,"column":9},"end":{"line":44,"column":16}},"loc":{"start":{"line":45,"column":0},"end":{"line":55,"column":1}},"line":45}},"branchMap":{"0":{"loc":{"start":{"line":10,"column":1},"end":{"line":11,"column":24}},"type":"if","locations":[{"start":{"line":10,"column":1},"end":{"line":11,"column":24}},{"start":{"line":10,"column":1},"end":{"line":11,"column":24}}],"line":10},"1":{"loc":{"start":{"line":16,"column":2},"end":{"line":23,"column":3}},"type":"switch","locations":[{"start":{"line":17,"column":6},"end":{"line":18,"column":26}},{"start":{"line":19,"column":6},"end":{"line":20,"column":26}},{"start":{"line":21,"column":6},"end":{"line":22,"column":19}}],"line":16},"2":{"loc":{"start":{"line":31,"column":8},"end":{"line":35,"column":37}},"type":"if","locations":[{"start":{"line":31,"column":8},"end":{"line":35,"column":37}},{"start":{"line":31,"column":8},"end":{"line":35,"column":37}}],"line":31},"3":{"loc":{"start":{"line":40,"column":4},"end":{"line":41,"column":22}},"type":"if","locations":[{"start":{"line":40,"column":4},"end":{"line":41,"column":22}},{"start":{"line":40,"column":4},"end":{"line":41,"column":22}}],"line":40},"4":{"loc":{"start":{"line":40,"column":8},"end":{"line":40,"column":89}},"type":"binary-expr","locations":[{"start":{"line":40,"column":8},"end":{"line":40,"column":21}},{"start":{"line":40,"column":26},"end":{"line":40,"column":88}}],"line":40},"5":{"loc":{"start":{"line":40,"column":52},"end":{"line":40,"column":80}},"type":"binary-expr","locations":[{"start":{"line":40,"column":52},"end":{"line":40,"column":55}},{"start":{"line":40,"column":59},"end":{"line":40,"column":80}}],"line":40},"6":{"loc":{"start":{"line":53,"column":4},"end":{"line":54,"column":22}},"type":"if","locations":[{"start":{"line":53,"column":4},"end":{"line":54,"column":22}},{"start":{"line":53,"column":4},"end":{"line":54,"column":22}}],"line":53}},"s":{"0":5,"1":5,"2":5,"3":5,"4":5,"5":83,"6":60,"7":83,"8":5,"9":5,"10":2,"11":2,"12":1,"13":2,"14":2,"15":26,"16":12,"17":14,"18":2,"19":2,"20":1,"21":1,"22":2,"23":2,"24":18,"25":2,"26":2,"27":1,"28":1},"f":{"0":5,"1":2,"2":2},"b":{"0":[60,23],"1":[2,2,1],"2":[12,14],"3":[1,1],"4":[2,1],"5":[1,0],"6":[1,1]},"_coverageSchema":"332fd63041d2c1bcb487cc26dd0d5f7d97098a6c","hash":"a2990b20077faefecbcf369e58c7b42b30c8ca9a"}
,"C:\\Projects\\Js\\scripts\\isbn13.js": {"path":"C:\\Projects\\Js\\scripts\\isbn13.js","statementMap":{"0":{"start":{"line":3,"column":13},"end":{"line":3,"column":14}},"1":{"start":{"line":4,"column":13},"end":{"line":4,"column":15}},"2":{"start":{"line":5,"column":14},"end":{"line":5,"column":17}},"3":{"start":{"line":6,"column":11},"end":{"line":6,"column":12}},"4":{"start":{"line":6,"column":18},"end":{"line":6,"column":19}},"5":{"start":{"line":8,"column":3},"end":{"line":16,"column":4}},"6":{"start":{"line":9,"column":4},"end":{"line":14,"column":5}},"7":{"start":{"line":11,"column":5},"end":{"line":12,"column":28}},"8":{"start":{"line":12,"column":9},"end":{"line":12,"column":28}},"9":{"start":{"line":13,"column":9},"end":{"line":13,"column":13}},"10":{"start":{"line":18,"column":4},"end":{"line":26,"column":5}},"11":{"start":{"line":20,"column":8},"end":{"line":24,"column":37}},"12":{"start":{"line":22,"column":12},"end":{"line":22,"column":40}},"13":{"start":{"line":24,"column":13},"end":{"line":24,"column":37}},"14":{"start":{"line":25,"column":8},"end":{"line":25,"column":25}},"15":{"start":{"line":30,"column":4},"end":{"line":31,"column":22}},"16":{"start":{"line":30,"column":91},"end":{"line":30,"column":103}},"17":{"start":{"line":31,"column":9},"end":{"line":31,"column":22}}},"fnMap":{"0":{"name":"ISBN_13","decl":{"start":{"line":1,"column":24},"end":{"line":1,"column":31}},"loc":{"start":{"line":2,"column":0},"end":{"line":32,"column":1}},"line":2}},"branchMap":{"0":{"loc":{"start":{"line":8,"column":3},"end":{"line":16,"column":4}},"type":"if","locations":[{"start":{"line":8,"column":3},"end":{"line":16,"column":4}},{"start":{"line":8,"column":3},"end":{"line":16,"column":4}}],"line":8},"1":{"loc":{"start":{"line":11,"column":5},"end":{"line":12,"column":28}},"type":"if","locations":[{"start":{"line":11,"column":5},"end":{"line":12,"column":28}},{"start":{"line":11,"column":5},"end":{"line":12,"column":28}}],"line":11},"2":{"loc":{"start":{"line":20,"column":8},"end":{"line":24,"column":37}},"type":"if","locations":[{"start":{"line":20,"column":8},"end":{"line":24,"column":37}},{"start":{"line":20,"column":8},"end":{"line":24,"column":37}}],"line":20},"3":{"loc":{"start":{"line":30,"column":4},"end":{"line":31,"column":22}},"type":"if","locations":[{"start":{"line":30,"column":4},"end":{"line":31,"column":22}},{"start":{"line":30,"column":4},"end":{"line":31,"column":22}}],"line":30},"4":{"loc":{"start":{"line":30,"column":8},"end":{"line":30,"column":89}},"type":"binary-expr","locations":[{"start":{"line":30,"column":8},"end":{"line":30,"column":21}},{"start":{"line":30,"column":26},"end":{"line":30,"column":88}}],"line":30},"5":{"loc":{"start":{"line":30,"column":52},"end":{"line":30,"column":80}},"type":"binary-expr","locations":[{"start":{"line":30,"column":52},"end":{"line":30,"column":55}},{"start":{"line":30,"column":59},"end":{"line":30,"column":80}}],"line":30}},"s":{"0":3,"1":3,"2":3,"3":3,"4":3,"5":3,"6":3,"7":54,"8":39,"9":54,"10":3,"11":39,"12":18,"13":21,"14":39,"15":3,"16":2,"17":1},"f":{"0":3},"b":{"0":[3,0],"1":[39,15],"2":[18,21],"3":[2,1],"4":[3,2],"5":[2,0]},"_coverageSchema":"332fd63041d2c1bcb487cc26dd0d5f7d97098a6c","hash":"de2141764ba138e7a027486db2b7ef901c8a0276"}
,"C:\\Projects\\Js\\scripts\\isbnValidator.js": {"path":"C:\\Projects\\Js\\scripts\\isbnValidator.js","statementMap":{"0":{"start":{"line":8,"column":18},"end":{"line":8,"column":20}},"1":{"start":{"line":9,"column":19},"end":{"line":9,"column":22}},"2":{"start":{"line":10,"column":16},"end":{"line":10,"column":17}},"3":{"start":{"line":10,"column":23},"end":{"line":10,"column":24}},"4":{"start":{"line":12,"column":8},"end":{"line":16,"column":9}},"5":{"start":{"line":13,"column":12},"end":{"line":14,"column":35}},"6":{"start":{"line":14,"column":16},"end":{"line":14,"column":35}},"7":{"start":{"line":15,"column":12},"end":{"line":15,"column":16}},"8":{"start":{"line":17,"column":8},"end":{"line":26,"column":9}},"9":{"start":{"line":19,"column":16},"end":{"line":19,"column":50}},"10":{"start":{"line":20,"column":16},"end":{"line":20,"column":37}},"11":{"start":{"line":22,"column":16},"end":{"line":22,"column":50}},"12":{"start":{"line":23,"column":16},"end":{"line":23,"column":37}},"13":{"start":{"line":25,"column":16},"end":{"line":25,"column":29}}},"fnMap":{"0":{"name":"(anonymous_0)","decl":{"start":{"line":6,"column":4},"end":{"line":6,"column":5}},"loc":{"start":{"line":6,"column":18},"end":{"line":27,"column":5}},"line":6}},"branchMap":{"0":{"loc":{"start":{"line":13,"column":12},"end":{"line":14,"column":35}},"type":"if","locations":[{"start":{"line":13,"column":12},"end":{"line":14,"column":35}},{"start":{"line":13,"column":12},"end":{"line":14,"column":35}}],"line":13},"1":{"loc":{"start":{"line":17,"column":8},"end":{"line":26,"column":9}},"type":"switch","locations":[{"start":{"line":18,"column":12},"end":{"line":20,"column":37}},{"start":{"line":21,"column":12},"end":{"line":23,"column":37}},{"start":{"line":24,"column":12},"end":{"line":25,"column":29}}],"line":17}},"s":{"0":5,"1":5,"2":5,"3":5,"4":5,"5":83,"6":60,"7":83,"8":5,"9":2,"10":2,"11":2,"12":2,"13":1},"f":{"0":5},"b":{"0":[60,23],"1":[2,2,1]},"_coverageSchema":"332fd63041d2c1bcb487cc26dd0d5f7d97098a6c","hash":"cbc414819e8416e5dfad9ba727845005c114b0bf"}
,"C:\\Projects\\Js\\scripts\\prop.js": {"path":"C:\\Projects\\Js\\scripts\\prop.js","statementMap":{"0":{"start":{"line":3,"column":19},"end":{"line":3,"column":21}},"1":{"start":{"line":4,"column":18},"end":{"line":4,"column":20}},"2":{"start":{"line":5,"column":15},"end":{"line":5,"column":17}},"3":{"start":{"line":6,"column":14},"end":{"line":6,"column":16}},"4":{"start":{"line":8,"column":4},"end":{"line":8,"column":19}},"5":{"start":{"line":9,"column":4},"end":{"line":9,"column":23}},"6":{"start":{"line":10,"column":4},"end":{"line":10,"column":17}},"7":{"start":{"line":12,"column":4},"end":{"line":18,"column":5}},"8":{"start":{"line":14,"column":6},"end":{"line":14,"column":28}},"9":{"start":{"line":15,"column":6},"end":{"line":15,"column":29}},"10":{"start":{"line":16,"column":6},"end":{"line":16,"column":33}},"11":{"start":{"line":19,"column":4},"end":{"line":19,"column":47}},"12":{"start":{"line":20,"column":4},"end":{"line":20,"column":50}},"13":{"start":{"line":21,"column":4},"end":{"line":21,"column":25}},"14":{"start":{"line":22,"column":4},"end":{"line":22,"column":24}},"15":{"start":{"line":23,"column":4},"end":{"line":23,"column":21}},"16":{"start":{"line":24,"column":4},"end":{"line":24,"column":19}}},"fnMap":{"0":{"name":"prop","decl":{"start":{"line":1,"column":24},"end":{"line":1,"column":28}},"loc":{"start":{"line":1,"column":45},"end":{"line":25,"column":1}},"line":1}},"branchMap":{},"s":{"0":1,"1":1,"2":1,"3":1,"4":1,"5":1,"6":1,"7":1,"8":3,"9":3,"10":3,"11":1,"12":1,"13":1,"14":1,"15":1,"16":1},"f":{"0":1},"b":{},"_coverageSchema":"332fd63041d2c1bcb487cc26dd0d5f7d97098a6c","hash":"e3b9d63099fcc5e0a5ddc2cfde6576883c826b78"}
,"C:\\Projects\\Js\\scripts\\propnew.js": {"path":"C:\\Projects\\Js\\scripts\\propnew.js","statementMap":{"0":{"start":{"line":3,"column":19},"end":{"line":3,"column":21}},"1":{"start":{"line":4,"column":18},"end":{"line":4,"column":20}},"2":{"start":{"line":5,"column":15},"end":{"line":5,"column":17}},"3":{"start":{"line":8,"column":4},"end":{"line":14,"column":5}},"4":{"start":{"line":10,"column":6},"end":{"line":10,"column":28}},"5":{"start":{"line":11,"column":6},"end":{"line":11,"column":28}},"6":{"start":{"line":12,"column":6},"end":{"line":12,"column":33}},"7":{"start":{"line":15,"column":4},"end":{"line":15,"column":47}},"8":{"start":{"line":16,"column":4},"end":{"line":16,"column":50}},"9":{"start":{"line":17,"column":4},"end":{"line":17,"column":25}},"10":{"start":{"line":18,"column":4},"end":{"line":18,"column":24}},"11":{"start":{"line":19,"column":4},"end":{"line":19,"column":21}},"12":{"start":{"line":20,"column":4},"end":{"line":20,"column":20}}},"fnMap":{"0":{"name":"propnew","decl":{"start":{"line":1,"column":24},"end":{"line":1,"column":31}},"loc":{"start":{"line":1,"column":36},"end":{"line":21,"column":1}},"line":1}},"branchMap":{},"s":{"0":1,"1":1,"2":1,"3":1,"4":3,"5":3,"6":3,"7":1,"8":1,"9":1,"10":1,"11":1,"12":1},"f":{"0":1},"b":{},"_coverageSchema":"332fd63041d2c1bcb487cc26dd0d5f7d97098a6c","hash":"f43058de0b27dd086e51ba4bf79618828758a690"}
,"C:\\Projects\\Js\\scripts\\valofindex.js": {"path":"C:\\Projects\\Js\\scripts\\valofindex.js","statementMap":{"0":{"start":{"line":7,"column":4},"end":{"line":7,"column":21}},"1":{"start":{"line":9,"column":4},"end":{"line":9,"column":23}},"2":{"start":{"line":11,"column":15},"end":{"line":11,"column":51}},"3":{"start":{"line":12,"column":15},"end":{"line":12,"column":51}},"4":{"start":{"line":16,"column":4},"end":{"line":16,"column":21}},"5":{"start":{"line":17,"column":4},"end":{"line":17,"column":21}},"6":{"start":{"line":18,"column":4},"end":{"line":18,"column":21}},"7":{"start":{"line":19,"column":4},"end":{"line":19,"column":21}},"8":{"start":{"line":21,"column":4},"end":{"line":21,"column":21}},"9":{"start":{"line":22,"column":4},"end":{"line":22,"column":21}},"10":{"start":{"line":24,"column":4},"end":{"line":24,"column":16}},"11":{"start":{"line":25,"column":4},"end":{"line":25,"column":20}},"12":{"start":{"line":27,"column":4},"end":{"line":27,"column":15}}},"fnMap":{"0":{"name":"valofindex","decl":{"start":{"line":1,"column":24},"end":{"line":1,"column":34}},"loc":{"start":{"line":2,"column":0},"end":{"line":28,"column":1}},"line":2}},"branchMap":{},"s":{"0":1,"1":1,"2":1,"3":1,"4":1,"5":1,"6":1,"7":1,"8":1,"9":1,"10":1,"11":1,"12":1},"f":{"0":1},"b":{},"_coverageSchema":"332fd63041d2c1bcb487cc26dd0d5f7d97098a6c","hash":"f75bedc446837d986093a66de114e0ff2faeeeb4"}
}
