TN:
SF:C:\Projects\Js\scripts\Lowenstein.js
FN:1,low
FNF:1
FNH:1
FNDA:6,low
DA:3,6
DA:4,6
DA:6,6
DA:8,6
DA:9,6
DA:11,4
DA:13,4
DA:15,4
DA:17,29
DA:19,220
DA:23,4
LF:11
LH:11
BRDA:8,0,0,0
BRDA:8,0,1,6
BRDA:9,1,0,2
BRDA:9,1,1,4
BRDA:9,2,0,6
BRDA:9,2,1,5
BRF:6
BRH:5
end_of_record
TN:
SF:C:\Projects\Js\scripts\Romastein.js
FN:1,low
FNF:1
FNH:1
FNDA:2,low
DA:3,2
DA:4,2
DA:5,2
DA:6,2
DA:7,2
DA:8,2
DA:10,2
DA:11,2
DA:13,2
DA:14,17
DA:15,5
DA:16,1
DA:17,1
DA:19,1
DA:21,5
DA:23,17
DA:26,2
DA:27,2
DA:28,2
DA:29,2
LF:20
LH:20
BRDA:14,0,0,5
BRDA:14,0,1,12
BRDA:15,1,0,1
BRDA:15,1,1,4
BRDA:15,2,0,5
BRDA:15,2,1,1
BRDA:16,3,0,1
BRDA:16,3,1,0
BRF:8
BRH:7
end_of_record
TN:
SF:C:\Projects\Js\scripts\check_ISBN-10.js
FN:1,ISBN_10
FNF:1
FNH:1
FNDA:4,ISBN_10
DA:3,4
DA:4,4
DA:5,4
DA:6,4
DA:8,4
DA:9,4
DA:11,53
DA:12,40
DA:13,53
DA:15,4
DA:17,4
DA:19,36
DA:21,4
DA:22,4
DA:23,1
LF:15
LH:15
BRDA:8,0,0,4
BRDA:8,0,1,0
BRDA:11,1,0,40
BRDA:11,1,1,13
BRDA:22,2,0,3
BRDA:22,2,1,1
BRF:6
BRH:5
end_of_record
TN:
SF:C:\Projects\Js\scripts\choose.js
FN:1,choise
FN:26,ISBN_13
FN:44,ISBN_10
FNF:3
FNH:3
FNDA:5,choise
FNDA:2,ISBN_13
FNDA:2,ISBN_10
DA:3,5
DA:4,5
DA:6,5
DA:8,5
DA:10,83
DA:11,60
DA:12,83
DA:15,5
DA:16,5
DA:18,2
DA:20,2
DA:22,1
DA:28,2
DA:29,2
DA:31,26
DA:33,12
DA:35,14
DA:37,2
DA:40,2
DA:41,1
DA:46,2
DA:47,2
DA:49,18
DA:52,2
DA:53,2
DA:54,1
LF:26
LH:26
BRDA:10,0,0,60
BRDA:10,0,1,23
BRDA:16,1,0,2
BRDA:16,1,1,2
BRDA:16,1,2,1
BRDA:31,2,0,12
BRDA:31,2,1,14
BRDA:40,3,0,1
BRDA:40,3,1,1
BRDA:40,4,0,2
BRDA:40,4,1,1
BRDA:40,5,0,1
BRDA:40,5,1,0
BRDA:53,6,0,1
BRDA:53,6,1,1
BRF:15
BRH:14
end_of_record
TN:
SF:C:\Projects\Js\scripts\isbn13.js
FN:1,ISBN_13
FNF:1
FNH:1
FNDA:3,ISBN_13
DA:3,3
DA:4,3
DA:5,3
DA:6,3
DA:8,3
DA:9,3
DA:11,54
DA:12,39
DA:13,54
DA:18,3
DA:20,39
DA:22,18
DA:24,21
DA:25,39
DA:30,3
DA:31,1
LF:16
LH:16
BRDA:8,0,0,3
BRDA:8,0,1,0
BRDA:11,1,0,39
BRDA:11,1,1,15
BRDA:20,2,0,18
BRDA:20,2,1,21
BRDA:30,3,0,2
BRDA:30,3,1,1
BRDA:30,4,0,3
BRDA:30,4,1,2
BRDA:30,5,0,2
BRDA:30,5,1,0
BRF:12
BRH:10
end_of_record
TN:
SF:C:\Projects\Js\scripts\isbnValidator.js
FN:6,(anonymous_0)
FNF:1
FNH:1
FNDA:5,(anonymous_0)
DA:8,5
DA:9,5
DA:10,5
DA:12,5
DA:13,83
DA:14,60
DA:15,83
DA:17,5
DA:19,2
DA:20,2
DA:22,2
DA:23,2
DA:25,1
LF:13
LH:13
BRDA:13,0,0,60
BRDA:13,0,1,23
BRDA:17,1,0,2
BRDA:17,1,1,2
BRDA:17,1,2,1
BRF:5
BRH:5
end_of_record
TN:
SF:C:\Projects\Js\scripts\prop.js
FN:1,prop
FNF:1
FNH:1
FNDA:1,prop
DA:3,1
DA:4,1
DA:5,1
DA:6,1
DA:8,1
DA:9,1
DA:10,1
DA:12,1
DA:14,3
DA:15,3
DA:16,3
DA:19,1
DA:20,1
DA:21,1
DA:22,1
DA:23,1
DA:24,1
LF:17
LH:17
BRF:0
BRH:0
end_of_record
TN:
SF:C:\Projects\Js\scripts\propnew.js
FN:1,propnew
FNF:1
FNH:1
FNDA:1,propnew
DA:3,1
DA:4,1
DA:5,1
DA:8,1
DA:10,3
DA:11,3
DA:12,3
DA:15,1
DA:16,1
DA:17,1
DA:18,1
DA:19,1
DA:20,1
LF:13
LH:13
BRF:0
BRH:0
end_of_record
TN:
SF:C:\Projects\Js\scripts\valofindex.js
FN:1,valofindex
FNF:1
FNH:1
FNDA:1,valofindex
DA:7,1
DA:9,1
DA:11,1
DA:12,1
DA:16,1
DA:17,1
DA:18,1
DA:19,1
DA:21,1
DA:22,1
DA:24,1
DA:25,1
DA:27,1
LF:13
LH:13
BRF:0
BRH:0
end_of_record
